<?xml version="1.0" encoding="UTF-8"?>
<testng-results skipped="0" failed="0" ignored="0" total="1" passed="1">
  <reporter-output>
  </reporter-output>
  <suite name="Suite" duration-ms="300" started-at="2022-09-13T22:08:09 IST" finished-at="2022-09-13T22:08:09 IST">
    <groups>
    </groups>
    <test name="Bank Manager Login Test" duration-ms="300" started-at="2022-09-13T22:08:09 IST" finished-at="2022-09-13T22:08:09 IST">
      <class name="testcases.BankManagerLoginTest">
        <test-method status="PASS" signature="setUp()[pri:0, instance:testcases.BankManagerLoginTest@971d0d8]" name="setUp" is-config="true" duration-ms="4739" started-at="2022-09-13T22:08:04 IST" finished-at="2022-09-13T22:08:09 IST">
          <reporter-output>
          </reporter-output>
        </test-method> <!-- setUp -->
        <test-method status="PASS" signature="loginAsBankManager()[pri:0, instance:testcases.BankManagerLoginTest@971d0d8]" name="loginAsBankManager" duration-ms="70" started-at="2022-09-13T22:08:09 IST" finished-at="2022-09-13T22:08:09 IST">
          <reporter-output>
          </reporter-output>
        </test-method> <!-- loginAsBankManager -->
        <test-method status="PASS" signature="tearDown()[pri:0, instance:testcases.BankManagerLoginTest@971d0d8]" name="tearDown" is-config="true" duration-ms="596" started-at="2022-09-13T22:08:09 IST" finished-at="2022-09-13T22:08:10 IST">
          <reporter-output>
          </reporter-output>
        </test-method> <!-- tearDown -->
      </class> <!-- testcases.BankManagerLoginTest -->
    </test> <!-- Bank Manager Login Test -->
  </suite> <!-- Suite -->
</testng-results>
